[debug] [2023-07-22T12:47:24.589Z] ----------------------------------------------------------------------
[debug] [2023-07-22T12:47:24.598Z] Command:       C:\Program Files\nodejs\node.exe C:\Users\Ghost\AppData\Roaming\npm\node_modules\firebase-tools\lib\bin\firebase.js deploy --only hosting:saptrust
[debug] [2023-07-22T12:47:24.600Z] CLI Version:   9.18.0
[debug] [2023-07-22T12:47:24.601Z] Platform:      win32
[debug] [2023-07-22T12:47:24.601Z] Node Version:  v16.13.2
[debug] [2023-07-22T12:47:24.813Z] Time:          Sat Jul 22 2023 13:47:24 GMT+0100 (West Africa Standard Time)
[debug] [2023-07-22T12:47:24.814Z] ----------------------------------------------------------------------
[debug] 
[debug] [2023-07-22T12:47:25.423Z] > command requires scopes: ["email","openid","https://www.googleapis.com/auth/cloudplatformprojects.readonly","https://www.googleapis.com/auth/firebase","https://www.googleapis.com/auth/cloud-platform"]
[debug] [2023-07-22T12:47:25.425Z] > authorizing via signed-in user (pjindawa@gmail.com)
[debug] [2023-07-22T12:47:25.426Z] [iam] checking project saptrust-6a083 for permissions ["firebase.projects.get","firebasehosting.sites.update"]
[debug] [2023-07-22T12:47:25.487Z] > refreshing access token with scopes: ["email","https://www.googleapis.com/auth/cloud-platform","https://www.googleapis.com/auth/cloudplatformprojects.readonly","https://www.googleapis.com/auth/firebase","openid"]
[debug] [2023-07-22T12:47:25.490Z] >>> HTTP REQUEST POST https://www.googleapis.com/oauth2/v3/token  
 <request body omitted>
[debug] [2023-07-22T12:47:25.870Z] [iam] error while checking permissions, command may fail: FirebaseError: Authentication Error: Your credentials are no longer valid. Please run firebase login --reauth

For CI servers and headless environments, generate a new token with firebase login:ci
[debug] [2023-07-22T12:47:25.875Z] > refreshing access token with scopes: []
[debug] [2023-07-22T12:47:25.875Z] >>> HTTP REQUEST POST https://www.googleapis.com/oauth2/v3/token  
 <request body omitted>
[debug] [2023-07-22T12:47:25.918Z] Authentication Error: Your credentials are no longer valid. Please run firebase login --reauth

For CI servers and headless environments, generate a new token with firebase login:ci
[debug] [2023-07-22T12:47:25.921Z] FirebaseError: Authentication Error: Your credentials are no longer valid. Please run firebase login --reauth

For CI servers and headless environments, generate a new token with firebase login:ci
    at invalidCredentialError (C:\Users\Ghost\AppData\Roaming\npm\node_modules\firebase-tools\lib\auth.js:141:12)
    at refreshTokens (C:\Users\Ghost\AppData\Roaming\npm\node_modules\firebase-tools\lib\auth.js:448:15)
    at processTicksAndRejections (node:internal/process/task_queues:96:5)
    at async Client.getAccessToken (C:\Users\Ghost\AppData\Roaming\npm\node_modules\firebase-tools\lib\apiv2.js:144:23)
    at async Client.addAuthHeader (C:\Users\Ghost\AppData\Roaming\npm\node_modules\firebase-tools\lib\apiv2.js:135:21)
    at async Client.request (C:\Users\Ghost\AppData\Roaming\npm\node_modules\firebase-tools\lib\apiv2.js:93:34)
    at async Object.getFirebaseProject (C:\Users\Ghost\AppData\Roaming\npm\node_modules\firebase-tools\lib\management\projects.js:290:21)
    at async Object.getDefaultHostingSite (C:\Users\Ghost\AppData\Roaming\npm\node_modules\firebase-tools\lib\getDefaultHostingSite.js:8:21)
    at async requireHostingSite (C:\Users\Ghost\AppData\Roaming\npm\node_modules\firebase-tools\lib\requireHostingSite.js:9:18)
    at async Object.fn (C:\Users\Ghost\AppData\Roaming\npm\node_modules\firebase-tools\lib\commands\deploy.js:65:9)
    at async C:\Users\Ghost\AppData\Roaming\npm\node_modules\firebase-tools\lib\command.js:188:17
[error] 
[error] Error: Failed to get Firebase project saptrust-6a083. Please make sure the project exists and your account has permission to access it.
